<?xml version="1.0" encoding="UTF-8"?>
<!-- Generated by org.testng.reporters.JUnitReportReporter -->
<testsuite hostname="LAPTOP-UG5S8S2B" failures="0" tests="1" name="org.shaaditest.maven.AppTest" time="0.022" errors="0" timestamp="2021-05-15T12:51:48 IST" skipped="0">
  <testcase classname="org.shaaditest.maven.AppTest" name="shouldAnswerWithTrue" time="0.022"/>
  <system-out/>
</testsuite> <!-- org.shaaditest.maven.AppTest -->
