<?xml version="1.0" encoding="UTF-8"?>
<!-- Generated by org.testng.reporters.JUnitReportReporter -->
<testsuite hostname="LAPTOP-UG5S8S2B" failures="0" tests="1" name="org.shaaditest.maven.GujaratishaadiRegistrationTest" time="15.503" errors="0" timestamp="2021-05-14T20:52:32 IST" skipped="0">
  <testcase classname="org.shaaditest.maven.GujaratishaadiRegistrationTest" name="gujaratiRegistration" time="15.503"/>
  <system-out/>
</testsuite> <!-- org.shaaditest.maven.GujaratishaadiRegistrationTest -->
